init...
buildGame
res init ok
init game render
init game inputer
init game data
init config
init inputer config
init scroll
init stagectrl
init loading
init ok
init...
buildGame
res init ok
init game render
init game inputer
init game data
init config
init inputer config
init scroll
init stagectrl
init loading
init ok
init...
buildGame
res init ok
init game render
init game inputer
init game data
init config
init inputer config
init scroll
init stagectrl
init loading
init ok
init...
buildGame
res init ok
init game render
init game inputer
init game data
init config
init inputer config
init scroll
init stagectrl
init loading
init ok
init...
buildGame
res init ok
init game render
init game inputer
init game data
init config
init inputer config
init scroll
init stagectrl
init loading
init ok
init...
buildGame
res init ok
init game render
init game inputer
init game data
init config
init inputer config
init scroll
init stagectrl
init loading
init ok
